1710891629793	geckodriver	INFO	Listening on 127.0.0.1:59255
1710891632812	mozrunner::runner	INFO	Running command: "C:\\Program Files\\Mozilla Firefox\\firefox.exe" "--marionette" "--remote-debugging-port" "59256" "--remote-allow-hosts" "localhost" "-no-remote" "-profile" "C:\\Users\\nb28026\\AppData\\Local\\Temp\\rust_mozprofile8FCx0X"
console.warn: services.settings: Ignoring preference override of remote settings server
console.warn: services.settings: Allow by setting MOZ_REMOTE_SETTINGS_DEVTOOLS=1 in the environment
1710891633404	Marionette	INFO	Marionette enabled
Dynamically enable window occlusion 0
1710891633781	Marionette	INFO	Listening on port 59265
WebDriver BiDi listening on ws://127.0.0.1:59256
Read port: 59265
1710891633988	RemoteAgent	WARN	TLS certificate errors will be ignored for this session
DevTools listening on ws://127.0.0.1:59256/devtools/browser/b0283897-94a0-4612-bf30-a18119184dfc
JavaScript warning: https://automationexercise.com/static/js/jquery.js, line 2: Using //@ to indicate sourceMappingURL pragmas is deprecated. Use //# instead
JavaScript warning: https://automationexercise.com/static/js/jquery.js, line 2: Using //@ to indicate sourceMappingURL pragmas is deprecated. Use //# instead
JavaScript error: , line 0: uncaught exception: undefined
JavaScript error: chrome://browser/content/preferences/moreFromMozilla.js, line 83: TypeError: Region.home is null
JavaScript warning: https://automationexercise.com/static/js/jquery.js, line 2: Using //@ to indicate sourceMappingURL pragmas is deprecated. Use //# instead
JavaScript error: chrome://browser/content/preferences/moreFromMozilla.js, line 83: TypeError: Region.home is null
JavaScript warning: https://automationexercise.com/static/js/jquery.js, line 2: Using //@ to indicate sourceMappingURL pragmas is deprecated. Use //# instead
JavaScript error: chrome://browser/content/preferences/moreFromMozilla.js, line 83: TypeError: Region.home is null
JavaScript warning: https://pagead2.googlesyndication.com/bg/ClgGLJT-anMFFp_jPcSPgTpNjWBfoBtPLqdYJvwYrrQ.js line 2 > eval line 5424 > eval line 1 > eval line 1 > eval, line 1: WEBGL_debug_renderer_info is deprecated in Firefox and will be removed. Please use RENDERER.
JavaScript error: resource://devtools/client/jsonview/Sniffer.sys.mjs, line 50: NS_ERROR_NOT_AVAILABLE: Component returned failure code: 0x80040111 (NS_ERROR_NOT_AVAILABLE) [nsIChannel.contentType]
JavaScript warning: https://pagead2.googlesyndication.com/bg/ClgGLJT-anMFFp_jPcSPgTpNjWBfoBtPLqdYJvwYrrQ.js line 2 > eval line 1684 > eval line 1 > eval line 1 > eval, line 1: WEBGL_debug_renderer_info is deprecated in Firefox and will be removed. Please use RENDERER.
1710891663829	addons.xpi	ERROR	System addon update list error SyntaxError: XMLHttpRequest.open: 'http://%(server)s/dummy-system-addons.xml' is not a valid URL.
JavaScript error: , line 0: AbortError: Actor 'AboutPrivateBrowsing' destroyed before query 'ShouldShowSearchBanner' was resolved
JavaScript error: , line 0: AbortError: Actor 'ASRouter' destroyed before query 'PBNEWTAB_MESSAGE_REQUEST' was resolved
JavaScript error: resource:///actors/ContentSearchParent.sys.mjs, line 647: TypeError: browser is null
JavaScript error: resource:///actors/ContentSearchParent.sys.mjs, line 647: TypeError: browser is null
1710891680234	Marionette	INFO	Stopped listening on port 59265
Dynamically enable window occlusion 1
