1710891585022	geckodriver	INFO	Listening on 127.0.0.1:59166
1710891588167	mozrunner::runner	INFO	Running command: "C:\\Program Files\\Mozilla Firefox\\firefox.exe" "--marionette" "--remote-debugging-port" "59167" "--remote-allow-hosts" "localhost" "-no-remote" "-profile" "C:\\Users\\nb28026\\AppData\\Local\\Temp\\rust_mozprofileuSZkRz"
console.warn: services.settings: Ignoring preference override of remote settings server
console.warn: services.settings: Allow by setting MOZ_REMOTE_SETTINGS_DEVTOOLS=1 in the environment
1710891588920	Marionette	INFO	Marionette enabled
Dynamically enable window occlusion 0
1710891589536	Marionette	INFO	Listening on port 59180
WebDriver BiDi listening on ws://127.0.0.1:59167
Read port: 59180
1710891589775	RemoteAgent	WARN	TLS certificate errors will be ignored for this session
DevTools listening on ws://127.0.0.1:59167/devtools/browser/e129c239-69da-4fb7-9382-e47fe52c9988
JavaScript warning: https://automationexercise.com/static/js/jquery.js, line 2: Using //@ to indicate sourceMappingURL pragmas is deprecated. Use //# instead
JavaScript error: , line 0: uncaught exception: undefined
JavaScript warning: https://automationexercise.com/static/js/jquery.js, line 2: Using //@ to indicate sourceMappingURL pragmas is deprecated. Use //# instead
JavaScript error: , line 0: uncaught exception: undefined
JavaScript warning: https://automationexercise.com/static/js/jquery.js, line 2: Using //@ to indicate sourceMappingURL pragmas is deprecated. Use //# instead
JavaScript warning: https://pagead2.googlesyndication.com/bg/ClgGLJT-anMFFp_jPcSPgTpNjWBfoBtPLqdYJvwYrrQ.js line 2 > eval line 2199 > eval line 1 > eval line 1 > eval, line 1: WEBGL_debug_renderer_info is deprecated in Firefox and will be removed. Please use RENDERER.
1710891619799	addons.xpi	ERROR	System addon update list error SyntaxError: XMLHttpRequest.open: 'http://%(server)s/dummy-system-addons.xml' is not a valid URL.
1710891631136	Marionette	INFO	Stopped listening on port 59180
Dynamically enable window occlusion 1
